[0.023s] Invoking command in '/home/bihan/ros2_ws/src/control/build/control': CMAKE_PREFIX_PATH=${CMAKE_PREFIX_PATH}:/home/bihan/ros2_ws/install/perception:/opt/ros/humble /usr/bin/cmake /home/bihan/ros2_ws/src/control -DCMAKE_INSTALL_PREFIX=/home/bihan/ros2_ws/src/control/install/control
[0.224s] -- The C compiler identification is GNU 11.4.0
[0.355s] -- The CXX compiler identification is GNU 11.4.0
[0.390s] -- Detecting C compiler ABI info
[0.533s] -- Detecting C compiler ABI info - done
[0.552s] -- Check for working C compiler: /usr/bin/cc - skipped
[0.561s] -- Detecting C compile features
[0.575s] -- Detecting C compile features - done
[0.584s] -- Detecting CXX compiler ABI info
[0.749s] -- Detecting CXX compiler ABI info - done
[0.769s] -- Check for working CXX compiler: /usr/bin/c++ - skipped
[0.769s] -- Detecting CXX compile features
[0.770s] -- Detecting CXX compile features - done
[0.799s] -- Found ament_cmake: 1.3.14 (/opt/ros/humble/share/ament_cmake/cmake)
[1.132s] -- Found Python3: /usr/bin/python3 (found version "3.10.12") found components: Interpreter 
[1.345s] -- Found rclcpp: 16.0.18 (/opt/ros/humble/share/rclcpp/cmake)
[1.466s] -- Found rosidl_generator_c: 3.1.8 (/opt/ros/humble/share/rosidl_generator_c/cmake)
[1.480s] -- Found rosidl_adapter: 3.1.8 (/opt/ros/humble/share/rosidl_adapter/cmake)
[1.499s] -- Found rosidl_generator_cpp: 3.1.8 (/opt/ros/humble/share/rosidl_generator_cpp/cmake)
[1.527s] -- Using all available rosidl_typesupport_c: rosidl_typesupport_fastrtps_c;rosidl_typesupport_introspection_c
[1.568s] -- Using all available rosidl_typesupport_cpp: rosidl_typesupport_fastrtps_cpp;rosidl_typesupport_introspection_cpp
[1.680s] -- Found rmw_implementation_cmake: 6.1.2 (/opt/ros/humble/share/rmw_implementation_cmake/cmake)
[1.686s] -- Found rmw_fastrtps_cpp: 6.2.10 (/opt/ros/humble/share/rmw_fastrtps_cpp/cmake)
[1.876s] -- Found OpenSSL: /usr/lib/x86_64-linux-gnu/libcrypto.so (found version "3.0.2")  
[1.934s] -- Found FastRTPS: /opt/ros/humble/include  
[2.011s] -- Using RMW implementation 'rmw_fastrtps_cpp' as default
[2.035s] -- Looking for pthread.h
[2.175s] -- Looking for pthread.h - found
[2.177s] -- Performing Test CMAKE_HAVE_LIBC_PTHREAD
[2.334s] -- Performing Test CMAKE_HAVE_LIBC_PTHREAD - Success
[2.336s] -- Found Threads: TRUE  
[2.455s] -- Found moveit_ros_planning_interface: 2.5.9 (/opt/ros/humble/share/moveit_ros_planning_interface/cmake)
[2.542s] -- Found Boost: /usr/lib/x86_64-linux-gnu/cmake/Boost-1.74.0/BoostConfig.cmake (found version "1.74.0") found components: date_time filesystem program_options system thread 
[2.968s] -- Found Boost: /usr/lib/x86_64-linux-gnu/cmake/Boost-1.74.0/BoostConfig.cmake (found version "1.74.0") found components: chrono date_time filesystem iostreams program_options regex serialization system thread 
[3.072s] -- Found parameter_traits: 0.7.0 (/opt/ros/humble/share/parameter_traits/cmake)
[3.105s] -- Found rclcpp_lifecycle: 16.0.18 (/opt/ros/humble/share/rclcpp_lifecycle/cmake)
[3.160s] -- Found Boost: /usr/lib/x86_64-linux-gnu/cmake/Boost-1.74.0/BoostConfig.cmake (found version "1.74.0") found components: filesystem 
[3.350s] -- library: /usr/lib/x86_64-linux-gnu/libcurl.so
[3.436s] -- Found Eigen3: TRUE (found version "3.4.0") 
[3.437s] -- Ensuring Eigen3 include directory is part of orocos-kdl CMake target
[3.761s] -- Found Boost: /usr/lib/x86_64-linux-gnu/cmake/Boost-1.74.0/BoostConfig.cmake (found version "1.74.0") found components: system filesystem date_time program_options thread chrono 
[3.828s] -- Found Boost: /usr/lib/x86_64-linux-gnu/cmake/Boost-1.74.0/BoostConfig.cmake (found version "1.74.0") found components: thread system filesystem regex date_time program_options 
[3.886s] -- Found Boost: /usr/lib/x86_64-linux-gnu/cmake/Boost-1.74.0/BoostConfig.cmake (found version "1.74.0") found components: system filesystem date_time program_options thread 
[3.968s] -- Found ament_lint_auto: 0.12.15 (/opt/ros/humble/share/ament_lint_auto/cmake)
[4.163s] -- Added test 'cppcheck' to perform static code analysis on C / C++ code
[4.164s] -- Configured cppcheck include dirs: 
[4.164s] -- Configured cppcheck exclude dirs and/or files: 
[4.171s] -- Added test 'lint_cmake' to check CMake code style
[4.182s] -- Added test 'uncrustify' to check C / C++ code style
[4.182s] -- Configured uncrustify additional arguments: 
[4.184s] -- Added test 'xmllint' to check XML markup files
[4.186s] -- Configuring done
[4.313s] -- Generating done
[4.353s] -- Build files have been written to: /home/bihan/ros2_ws/src/control/build/control
[4.380s] Invoked command in '/home/bihan/ros2_ws/src/control/build/control' returned '0': CMAKE_PREFIX_PATH=${CMAKE_PREFIX_PATH}:/home/bihan/ros2_ws/install/perception:/opt/ros/humble /usr/bin/cmake /home/bihan/ros2_ws/src/control -DCMAKE_INSTALL_PREFIX=/home/bihan/ros2_ws/src/control/install/control
[4.384s] Invoking command in '/home/bihan/ros2_ws/src/control/build/control': CMAKE_PREFIX_PATH=${CMAKE_PREFIX_PATH}:/home/bihan/ros2_ws/install/perception:/opt/ros/humble /usr/bin/cmake --build /home/bihan/ros2_ws/src/control/build/control -- -j8 -l8
[4.512s] [ 25%] [32mBuilding CXX object CMakeFiles/control.dir/src/control.cpp.o[0m
[4.514s] [ 25%] [32mBuilding CXX object CMakeFiles/gripper.dir/src/gripper.cpp.o[0m
[4.515s] [ 37%] [32mBuilding CXX object CMakeFiles/get_pose.dir/src/get_pose.cpp.o[0m
[4.517s] [ 50%] [32mBuilding CXX object CMakeFiles/pose_test.dir/src/pose_test.cpp.o[0m
